<?xml version="1.0" encoding="UTF-8"?>
<testng-results ignored="0" total="1" passed="1" failed="0" skipped="0">
  <reporter-output>
  </reporter-output>
  <suite started-at="2018-07-29T13:12:48Z" name="Default suite" finished-at="2018-07-29T13:13:16Z" duration-ms="27276">
    <groups>
    </groups>
    <test started-at="2018-07-29T13:12:48Z" name="Default test" finished-at="2018-07-29T13:13:16Z" duration-ms="27276">
      <class name="Tests.singletonTest">
        <test-method is-config="true" signature="setUp()[pri:0, instance:Tests.singletonTest@47987356]" started-at="2018-07-29T13:12:48Z" name="setUp" finished-at="2018-07-29T13:12:53Z" duration-ms="4837" status="PASS">
          <reporter-output>
          </reporter-output>
        </test-method> <!-- setUp -->
        <test-method signature="test1()[pri:0, instance:Tests.singletonTest@47987356]" started-at="2018-07-29T13:12:53Z" name="test1" finished-at="2018-07-29T13:13:15Z" duration-ms="21769" status="PASS">
          <reporter-output>
          </reporter-output>
        </test-method> <!-- test1 -->
        <test-method is-config="true" signature="closeBrowser()[pri:0, instance:Tests.singletonTest@47987356]" started-at="2018-07-29T13:13:15Z" name="closeBrowser" finished-at="2018-07-29T13:13:16Z" duration-ms="637" status="PASS">
          <reporter-output>
          </reporter-output>
        </test-method> <!-- closeBrowser -->
      </class> <!-- Tests.singletonTest -->
    </test> <!-- Default test -->
  </suite> <!-- Default suite -->
</testng-results>
